<?xml version="1.0" encoding="UTF-8"?>
<robot generator="Robot 6.1.1 (Python 3.12.0 on win32)" generated="20231205 20:26:02.005" rpa="false" schemaversion="4">
<suite id="s1" name="1" source="C:\Users\Korskovy\PycharmProjects\pythonProject\hw4_2\1.robot">
<test id="s1-t1" name="Reverse" line="5">
<kw name="Reverse" library="main">
<var>${coordinate}</var>
<arg>${59.7027541}</arg>
<arg>${30.379206}</arg>
<msg timestamp="20231205 20:26:02.707" level="INFO">${coordinate} = Полковая улица, София, Пушкин, Санкт-Петербург, Северо-Западный федеральный округ, 196603, Россия</msg>
<status status="PASS" starttime="20231205 20:26:02.130" endtime="20231205 20:26:02.707"/>
</kw>
<kw name="Should Be Equal" library="BuiltIn">
<arg>${coordinate}</arg>
<arg>Полковая улица, София, Пушкин, Санкт-Петербург, Северо-Западный федеральный округ, 196603, Россия</arg>
<doc>Fails if the given objects are unequal.</doc>
<status status="PASS" starttime="20231205 20:26:02.707" endtime="20231205 20:26:02.708"/>
</kw>
<status status="PASS" starttime="20231205 20:26:02.129" endtime="20231205 20:26:02.708"/>
</test>
<status status="PASS" starttime="20231205 20:26:02.006" endtime="20231205 20:26:02.709"/>
</suite>
<statistics>
<total>
<stat pass="1" fail="0" skip="0">All Tests</stat>
</total>
<tag>
</tag>
<suite>
<stat pass="1" fail="0" skip="0" id="s1" name="1">1</stat>
</suite>
</statistics>
<errors>
</errors>
</robot>
